mode: set
github.com/kkgo-software-engineering/workshop/api/getAll.go:15.31,17.2 1 0
github.com/kkgo-software-engineering/workshop/api/getAll.go:19.54,24.16 3 0
github.com/kkgo-software-engineering/workshop/api/getAll.go:28.2,28.39 1 0
github.com/kkgo-software-engineering/workshop/api/getAll.go:24.16,26.3 1 0
github.com/kkgo-software-engineering/workshop/config/config.go:14.17,16.2 1 1
github.com/kkgo-software-engineering/workshop/config/config.go:47.28,58.2 1 1
github.com/kkgo-software-engineering/workshop/config/config.go:60.51,62.2 1 1
github.com/kkgo-software-engineering/workshop/config/config.go:64.58,66.15 2 1
github.com/kkgo-software-engineering/workshop/config/config.go:69.2,69.12 1 1
github.com/kkgo-software-engineering/workshop/config/config.go:66.15,68.3 1 1
github.com/kkgo-software-engineering/workshop/config/config.go:72.56,76.16 3 1
github.com/kkgo-software-engineering/workshop/config/config.go:80.2,80.12 1 1
github.com/kkgo-software-engineering/workshop/config/config.go:76.16,78.3 1 1
github.com/kkgo-software-engineering/workshop/config/config.go:83.59,87.16 3 1
github.com/kkgo-software-engineering/workshop/config/config.go:91.2,91.12 1 1
github.com/kkgo-software-engineering/workshop/config/config.go:87.16,89.3 1 1
github.com/kkgo-software-engineering/workshop/account/account.go:23.59,25.2 1 1
github.com/kkgo-software-engineering/workshop/account/account.go:37.47,42.16 5 1
github.com/kkgo-software-engineering/workshop/account/account.go:47.2,47.67 1 1
github.com/kkgo-software-engineering/workshop/account/account.go:52.2,54.16 3 1
github.com/kkgo-software-engineering/workshop/account/account.go:59.2,61.39 3 1
github.com/kkgo-software-engineering/workshop/account/account.go:42.16,45.3 2 1
github.com/kkgo-software-engineering/workshop/account/account.go:47.67,50.3 2 1
github.com/kkgo-software-engineering/workshop/account/account.go:54.16,57.3 2 1
github.com/kkgo-software-engineering/workshop/featflag/featflag.go:17.38,19.2 1 1
github.com/kkgo-software-engineering/workshop/featflag/featflag.go:21.45,28.2 4 1
github.com/kkgo-software-engineering/workshop/healthchk/healthchk.go:15.31,17.2 1 1
github.com/kkgo-software-engineering/workshop/healthchk/healthchk.go:19.46,23.16 4 1
github.com/kkgo-software-engineering/workshop/healthchk/healthchk.go:26.2,26.59 1 1
github.com/kkgo-software-engineering/workshop/healthchk/healthchk.go:23.16,25.3 1 1
github.com/kkgo-software-engineering/workshop/middleware/auth.go:9.82,10.71 1 1
github.com/kkgo-software-engineering/workshop/middleware/auth.go:10.71,12.72 1 1
github.com/kkgo-software-engineering/workshop/middleware/auth.go:15.3,15.20 1 1
github.com/kkgo-software-engineering/workshop/middleware/auth.go:12.72,14.4 1 1
github.com/kkgo-software-engineering/workshop/mlog/middleware.go:9.57,10.54 1 1
github.com/kkgo-software-engineering/workshop/mlog/middleware.go:10.54,12.3 1 1
github.com/kkgo-software-engineering/workshop/mlog/middleware.go:15.90,16.36 1 1
github.com/kkgo-software-engineering/workshop/mlog/middleware.go:16.36,20.3 3 1
github.com/kkgo-software-engineering/workshop/mlog/middleware.go:23.66,25.19 2 1
github.com/kkgo-software-engineering/workshop/mlog/middleware.go:28.2,30.32 2 1
github.com/kkgo-software-engineering/workshop/mlog/middleware.go:25.19,27.3 1 1
github.com/kkgo-software-engineering/workshop/mlog/mlog.go:10.36,11.37 1 1
github.com/kkgo-software-engineering/workshop/mlog/mlog.go:12.19,13.16 1 1
github.com/kkgo-software-engineering/workshop/mlog/mlog.go:14.10,15.22 1 1
github.com/kkgo-software-engineering/workshop/pocket/db.go:9.58,12.16 3 1
github.com/kkgo-software-engineering/workshop/pocket/db.go:15.2,18.15 4 1
github.com/kkgo-software-engineering/workshop/pocket/db.go:12.16,14.3 1 1
github.com/kkgo-software-engineering/workshop/pocket/db.go:21.71,23.16 2 1
github.com/kkgo-software-engineering/workshop/pocket/db.go:26.2,27.16 2 1
github.com/kkgo-software-engineering/workshop/pocket/db.go:30.2,31.16 2 1
github.com/kkgo-software-engineering/workshop/pocket/db.go:34.2,35.16 2 1
github.com/kkgo-software-engineering/workshop/pocket/db.go:38.2,39.16 2 1
github.com/kkgo-software-engineering/workshop/pocket/db.go:42.2,42.35 1 1
github.com/kkgo-software-engineering/workshop/pocket/db.go:45.2,45.19 1 1
github.com/kkgo-software-engineering/workshop/pocket/db.go:23.16,25.3 1 0
github.com/kkgo-software-engineering/workshop/pocket/db.go:27.16,29.3 1 0
github.com/kkgo-software-engineering/workshop/pocket/db.go:31.16,33.3 1 1
github.com/kkgo-software-engineering/workshop/pocket/db.go:35.16,37.3 1 1
github.com/kkgo-software-engineering/workshop/pocket/db.go:39.16,41.3 1 1
github.com/kkgo-software-engineering/workshop/pocket/db.go:42.35,44.3 1 0
github.com/kkgo-software-engineering/workshop/pocket/db.go:48.64,67.16 5 1
github.com/kkgo-software-engineering/workshop/pocket/db.go:70.2,71.16 2 1
github.com/kkgo-software-engineering/workshop/pocket/db.go:75.2,75.27 1 1
github.com/kkgo-software-engineering/workshop/pocket/db.go:67.16,69.3 1 1
github.com/kkgo-software-engineering/workshop/pocket/db.go:71.16,73.3 1 1
github.com/kkgo-software-engineering/workshop/pocket/db.go:78.48,82.2 3 1
github.com/kkgo-software-engineering/workshop/pocket/db.go:84.81,88.2 3 1
github.com/kkgo-software-engineering/workshop/pocket/get.go:10.61,17.13 5 0
github.com/kkgo-software-engineering/workshop/pocket/get.go:18.21,19.71 1 0
github.com/kkgo-software-engineering/workshop/pocket/get.go:20.11,21.35 1 0
github.com/kkgo-software-engineering/workshop/pocket/get.go:22.10,23.119 1 0
github.com/kkgo-software-engineering/workshop/pocket/pocket.go:27.59,29.2 1 1
github.com/kkgo-software-engineering/workshop/pocket/pocket.go:38.53,43.16 5 1
github.com/kkgo-software-engineering/workshop/pocket/pocket.go:48.2,48.23 1 1
github.com/kkgo-software-engineering/workshop/pocket/pocket.go:52.2,52.24 1 1
github.com/kkgo-software-engineering/workshop/pocket/pocket.go:56.2,59.16 4 1
github.com/kkgo-software-engineering/workshop/pocket/pocket.go:63.2,63.31 1 1
github.com/kkgo-software-engineering/workshop/pocket/pocket.go:68.2,70.16 3 1
github.com/kkgo-software-engineering/workshop/pocket/pocket.go:82.2,84.39 3 1
github.com/kkgo-software-engineering/workshop/pocket/pocket.go:43.16,46.3 2 1
github.com/kkgo-software-engineering/workshop/pocket/pocket.go:48.23,50.3 1 1
github.com/kkgo-software-engineering/workshop/pocket/pocket.go:52.24,54.3 1 1
github.com/kkgo-software-engineering/workshop/pocket/pocket.go:59.16,61.3 1 1
github.com/kkgo-software-engineering/workshop/pocket/pocket.go:63.31,66.3 2 0
github.com/kkgo-software-engineering/workshop/pocket/pocket.go:70.16,73.3 2 0
github.com/kkgo-software-engineering/workshop/pocket/transfer.go:24.49,28.16 4 1
github.com/kkgo-software-engineering/workshop/pocket/transfer.go:31.2,31.20 1 1
github.com/kkgo-software-engineering/workshop/pocket/transfer.go:35.2,39.16 4 1
github.com/kkgo-software-engineering/workshop/pocket/transfer.go:44.2,45.16 2 1
github.com/kkgo-software-engineering/workshop/pocket/transfer.go:50.2,51.18 2 1
github.com/kkgo-software-engineering/workshop/pocket/transfer.go:56.2,68.16 6 1
github.com/kkgo-software-engineering/workshop/pocket/transfer.go:72.2,79.36 2 1
github.com/kkgo-software-engineering/workshop/pocket/transfer.go:28.16,30.3 1 1
github.com/kkgo-software-engineering/workshop/pocket/transfer.go:31.20,33.3 1 1
github.com/kkgo-software-engineering/workshop/pocket/transfer.go:39.16,42.3 2 1
github.com/kkgo-software-engineering/workshop/pocket/transfer.go:45.16,48.3 2 1
github.com/kkgo-software-engineering/workshop/pocket/transfer.go:51.18,54.3 2 1
github.com/kkgo-software-engineering/workshop/pocket/transfer.go:68.16,71.3 2 1
github.com/kkgo-software-engineering/workshop/router/router.go:20.77,31.40 8 1
github.com/kkgo-software-engineering/workshop/router/router.go:35.2,45.10 9 1
github.com/kkgo-software-engineering/workshop/router/router.go:31.40,33.3 1 0
